build/app/intermediates/manifest_merge_blame_file/debug/manifest-merger-blame-debug-report.txt
1<?xml version="1.0" encoding="utf-8"?>
2<manifest xmlns:android="http://schemas.android.com/apk/res/android"
3    package="com.miao.flutter_app"
4    android:versionCode="1"
5    android:versionName="1.0.0" >
6
7    <uses-sdk
8        android:minSdkVersion="21"
9        android:targetSdkVersion="26" />
10    <!--
11         Flutter needs it to communicate with the running application
12         to allow setting breakpoints, to provide hot reload, etc.
13    -->
14    <uses-permission android:name="android.permission.INTERNET" />
14-->src/main/AndroidManifest.xml:8:5-67
14-->src/main/AndroidManifest.xml:8:22-64
15    <uses-permission android:name="android.permission.ACCESS_WIFI_STATE" />
15-->src/main/AndroidManifest.xml:53:5-75
15-->src/main/AndroidManifest.xml:53:22-73
16    <uses-permission android:name="android.permission.ACCESS_NETWORK_STATE" />
16-->src/main/AndroidManifest.xml:54:5-78
16-->src/main/AndroidManifest.xml:54:22-76
17    <uses-permission android:name="android.permission.ACCESS_COARSE_LOCATION" />
17-->src/main/AndroidManifest.xml:55:5-80
17-->src/main/AndroidManifest.xml:55:22-78
18    <uses-permission android:name="android.permission.ACCESS_FINE_LOCATION" />
18-->src/main/AndroidManifest.xml:56:5-78
18-->src/main/AndroidManifest.xml:56:22-76
19    <uses-permission android:name="android.permission.CHANGE_WIFI_STATE" />
19-->src/main/AndroidManifest.xml:57:5-75
19-->src/main/AndroidManifest.xml:57:22-73
20    <uses-permission android:name="android.permission.CHANGE_NETWORK_STATE" />
20-->src/main/AndroidManifest.xml:58:5-78
20-->src/main/AndroidManifest.xml:58:22-76
21    <uses-permission android:name="android.permission.WAKE_LOCK" />
21-->src/main/AndroidManifest.xml:60:5-67
21-->src/main/AndroidManifest.xml:60:22-65
22    <uses-permission android:name="android.permission.CAMERA" />
22-->src/main/AndroidManifest.xml:61:5-65
22-->src/main/AndroidManifest.xml:61:22-62
23    <uses-permission android:name="android.permission.READ_EXTERNAL_STORAGE" />
23-->[:image_picker] AndroidManifest.xml:7:5-80
23-->[:image_picker] AndroidManifest.xml:7:22-77
24    <uses-permission android:name="android.permission.WRITE_EXTERNAL_STORAGE" />
24-->[:image_picker] AndroidManifest.xml:8:5-81
24-->[:image_picker] AndroidManifest.xml:8:22-78
25
26    <application
26-->src/main/AndroidManifest.xml:9:5-52:19
27        android:name="io.flutter.app.FlutterApplication"
27-->src/main/AndroidManifest.xml:10:9-57
28        android:appComponentFactory="androidx.core.app.CoreComponentFactory"
28-->[androidx.core:core:1.1.0] AndroidManifest.xml:24:18-86
29        android:debuggable="true"
30        android:icon="@drawable/appicon96"
30-->src/main/AndroidManifest.xml:12:9-43
31        android:label="喵小小" >
31-->src/main/AndroidManifest.xml:11:9-28
32        <activity
32-->src/main/AndroidManifest.xml:13:9-44:20
33            android:name="com.miao.flutter_app.MainActivity"
33-->src/main/AndroidManifest.xml:14:13-61
34            android:configChanges="orientation|keyboardHidden|keyboard|screenSize|smallestScreenSize|locale|layoutDirection|fontScale|screenLayout|density|uiMode"
34-->src/main/AndroidManifest.xml:17:13-163
35            android:hardwareAccelerated="true"
35-->src/main/AndroidManifest.xml:18:13-47
36            android:launchMode="singleTask"
36-->src/main/AndroidManifest.xml:15:13-44
37            android:theme="@style/LaunchTheme"
37-->src/main/AndroidManifest.xml:16:13-47
38            android:windowSoftInputMode="adjustResize" >
38-->src/main/AndroidManifest.xml:19:13-55
39
40            <!--
41                 Specifies an Android theme to apply to this Activity as soon as
42                 the Android process has started. This theme is visible to the user
43                 while the Flutter UI initializes. After that, this theme continues
44                 to determine the Window background behind the Flutter UI.
45            -->
46            <meta-data
46-->src/main/AndroidManifest.xml:24:13-27:17
47                android:name="io.flutter.embedding.android.NormalTheme"
47-->src/main/AndroidManifest.xml:25:15-70
48                android:resource="@style/NormalTheme" />
48-->src/main/AndroidManifest.xml:26:15-52
49            <!--
50                 Displays an Android View that continues showing the launch screen
51                 Drawable until Flutter paints its first frame, then this splash
52                 screen fades out. A splash screen is useful to avoid any visual
53                 gap between the end of Android's launch screen and the painting of
54                 Flutter's first frame.
55            -->
56            <meta-data
56-->src/main/AndroidManifest.xml:33:13-36:17
57                android:name="io.flutter.embedding.android.SplashScreenDrawable"
57-->src/main/AndroidManifest.xml:34:15-79
58                android:resource="@drawable/launch_background" />
58-->src/main/AndroidManifest.xml:35:15-61
59
60            <intent-filter>
60-->src/main/AndroidManifest.xml:37:13-43:29
61                <action android:name="android.intent.action.MAIN" />
61-->src/main/AndroidManifest.xml:38:17-68
61-->src/main/AndroidManifest.xml:38:25-66
62
63                <category android:name="android.intent.category.LAUNCHER" />
63-->src/main/AndroidManifest.xml:39:17-76
63-->src/main/AndroidManifest.xml:39:27-74
64                <!-- <data -->
65                <!-- android:host="com.mob.mobpush.miao" -->
66                <!-- android:scheme="link" /> -->
67            </intent-filter>
68        </activity>
69        <activity android:name="com.apptreesoftware.barcodescan.BarcodeScannerActivity" />
69-->src/main/AndroidManifest.xml:45:9-90
69-->src/main/AndroidManifest.xml:45:19-88
70
71        <!--
72             Don't delete the meta-data below.
73             This is used by the Flutter tool to generate GeneratedPluginRegistrant.java
74        -->
75        <meta-data
75-->src/main/AndroidManifest.xml:49:9-51:33
76            android:name="flutterEmbedding"
76-->src/main/AndroidManifest.xml:50:13-44
77            android:value="2" />
77-->src/main/AndroidManifest.xml:51:13-30
78
79        <provider
79-->[:image_picker] AndroidManifest.xml:11:9-19:20
80            android:name="io.flutter.plugins.imagepicker.ImagePickerFileProvider"
80-->[:image_picker] AndroidManifest.xml:12:13-82
81            android:authorities="com.miao.flutter_app.flutter.image_provider"
81-->[:image_picker] AndroidManifest.xml:13:13-74
82            android:exported="false"
82-->[:image_picker] AndroidManifest.xml:14:13-37
83            android:grantUriPermissions="true" >
83-->[:image_picker] AndroidManifest.xml:15:13-47
84            <meta-data
84-->[:image_picker] AndroidManifest.xml:16:13-18:75
85                android:name="android.support.FILE_PROVIDER_PATHS"
85-->[:image_picker] AndroidManifest.xml:17:17-67
86                android:resource="@xml/flutter_image_picker_file_paths" />
86-->[:image_picker] AndroidManifest.xml:18:17-72
87        </provider>
88
89        <activity
89-->[:url_launcher] AndroidManifest.xml:8:9-11:74
90            android:name="io.flutter.plugins.urllauncher.WebViewActivity"
90-->[:url_launcher] AndroidManifest.xml:9:13-74
91            android:exported="false"
91-->[:url_launcher] AndroidManifest.xml:10:13-37
92            android:theme="@android:style/Theme.NoTitleBar.Fullscreen" />
92-->[:url_launcher] AndroidManifest.xml:11:13-71
93        <activity android:name="de.mintware.barcode_scan.BarcodeScannerActivity" />
93-->[:barcode_scan] AndroidManifest.xml:10:9-84
93-->[:barcode_scan] AndroidManifest.xml:10:19-81
94
95        <service
95-->[com.mob:MobPush:3.2.4] AndroidManifest.xml:10:9-16:19
96            android:name="com.mob.pushsdk.plugins.fcm.FCMFirebaseInstanceIdService"
96-->[com.mob:MobPush:3.2.4] AndroidManifest.xml:11:13-84
97            android:exported="true" >
97-->[com.mob:MobPush:3.2.4] AndroidManifest.xml:12:13-36
98            <intent-filter>
98-->[com.mob:MobPush:3.2.4] AndroidManifest.xml:13:13-15:29
99                <action android:name="com.google.firebase.INSTANCE_ID_EVENT" />
99-->[com.mob:MobPush:3.2.4] AndroidManifest.xml:14:17-80
99-->[com.mob:MobPush:3.2.4] AndroidManifest.xml:14:25-77
100            </intent-filter>
101        </service>
102        <service
102-->[com.mob:MobPush:3.2.4] AndroidManifest.xml:17:9-23:19
103            android:name="com.mob.pushsdk.plugins.huawei.HuaweiPushService"
103-->[com.mob:MobPush:3.2.4] AndroidManifest.xml:18:13-76
104            android:exported="false" >
104-->[com.mob:MobPush:3.2.4] AndroidManifest.xml:19:13-37
105            <intent-filter>
105-->[com.mob:MobPush:3.2.4] AndroidManifest.xml:20:13-22:29
106                <action android:name="com.huawei.push.action.MESSAGING_EVENT" />
106-->[com.mob:MobPush:3.2.4] AndroidManifest.xml:21:17-81
106-->[com.mob:MobPush:3.2.4] AndroidManifest.xml:21:25-78
107            </intent-filter>
108        </service>
109        <service
109-->[com.mob:MobConnect:3.2.4] AndroidManifest.xml:10:9-17:19
110            android:name="com.mob.socketservice.MobService"
110-->[com.mob:MobConnect:3.2.4] AndroidManifest.xml:11:13-60
111            android:exported="true"
111-->[com.mob:MobConnect:3.2.4] AndroidManifest.xml:12:13-36
112            android:process=":mobservice" >
112-->[com.mob:MobConnect:3.2.4] AndroidManifest.xml:13:13-42
113            <intent-filter>
113-->[com.mob:MobConnect:3.2.4] AndroidManifest.xml:14:13-16:29
114                <action android:name="com.mob.intent.MOB_SERVICE" />
114-->[com.mob:MobConnect:3.2.4] AndroidManifest.xml:15:17-69
114-->[com.mob:MobConnect:3.2.4] AndroidManifest.xml:15:25-66
115            </intent-filter>
116        </service>
117    </application>
118
119</manifest>